<?xml version="1.0" encoding="UTF-8"?>
<!-- Generated by org.testng.reporters.JUnitXMLReporter -->
<testsuite ignored="0" hostname="DESKTOP-MREH9ID" failures="0" tests="5" name="Test" time="37.017" errors="0" timestamp="2025-01-24T23:24:15 IST">
  <testcase classname="tests.FourTest" name="testFour" time="0.02"/>
  <testcase classname="tests.TwoTest" name="testTwo" time="0.002"/>
  <testcase classname="tests.ThreeTest" name="testThree" time="0.003"/>
  <testcase classname="tests.LoginTest" name="login" time="14.773"/>
  <testcase classname="tests.LoginTest" name="login" time="14.709"/>
</testsuite> <!-- Test -->
