<?xml version="1.0" encoding="UTF-8"?>
<!-- Generated by org.testng.reporters.JUnitXMLReporter -->
<testsuite ignored="0" hostname="DESKTOP-MREH9ID" failures="1" tests="1" name="TestFour" time="6.739" errors="0" timestamp="2025-01-26T17:32:17 IST">
  <testcase classname="tests.FourTest" name="testFour" time="6.179">
    <failure type="java.lang.AssertionError" message="expected [true] but found [false]">
      <![CDATA[java.lang.AssertionError: expected [true] but found [false]
at tests.FourTest.testFour(FourTest.java:24)
at java.base/java.util.ArrayList.forEach(ArrayList.java:1596)
... Removed 29 stack frames]]>
    </failure>
  </testcase> <!-- testFour -->
</testsuite> <!-- TestFour -->
